[    0.000000] Linux version 4.15.0-124-generic (buildd@lgw01-amd64-029) (gcc version 7.5.0 (Ubuntu 7.5.0-3ubuntu1~18.04)) #127-Ubuntu SMP Fri Nov 6 10:54:43 UTC 2020 (Ubuntu 4.15.0-124.127-generic 4.15.18)
[    0.000000] Command line: BOOT_IMAGE=/boot/vmlinuz-4.15.0-124-generic root=LABEL=cloudimg-rootfs ro console=tty1 console=ttyS0
[    0.000000] KERNEL supported cpus:
[    0.000000]   Intel GenuineIntel
[    0.000000]   AMD AuthenticAMD
[    0.000000]   Centaur CentaurHauls
[    0.000000] x86/fpu: Supporting XSAVE feature 0x001: 'x87 floating point registers'
[    0.000000] x86/fpu: Supporting XSAVE feature 0x002: 'SSE registers'
[    0.000000] x86/fpu: Supporting XSAVE feature 0x004: 'AVX registers'
[    0.000000] x86/fpu: xstate_offset[2]:  576, xstate_sizes[2]:  256
[    0.000000] x86/fpu: Enabled xstate features 0x7, context size is 832 bytes, using 'standard' format.
[    0.000000] e820: BIOS-provided physical RAM map:
[    0.000000] BIOS-e820: [mem 0x0000000000000000-0x000000000009fbff] usable
[    0.000000] BIOS-e820: [mem 0x000000000009fc00-0x000000000009ffff] reserved
[    0.000000] BIOS-e820: [mem 0x00000000000f0000-0x00000000000fffff] reserved
[    0.000000] BIOS-e820: [mem 0x0000000000100000-0x000000003ffeffff] usable
[    0.000000] BIOS-e820: [mem 0x000000003fff0000-0x000000003fffffff] ACPI data
[    0.000000] BIOS-e820: [mem 0x00000000fec00000-0x00000000fec00fff] reserved
[    0.000000] BIOS-e820: [mem 0x00000000fee00000-0x00000000fee00fff] reserved
[    0.000000] BIOS-e820: [mem 0x00000000fffc0000-0x00000000ffffffff] reserved
[    0.000000] NX (Execute Disable) protection: active
[    0.000000] SMBIOS 2.5 present.
[    0.000000] DMI: innotek GmbH VirtualBox/VirtualBox, BIOS VirtualBox 12/01/2006
[    0.000000] Hypervisor detected: KVM
[    0.000000] e820: last_pfn = 0x3fff0 max_arch_pfn = 0x400000000
[    0.000000] MTRR: Disabled
[    0.000000] x86/PAT: MTRRs disabled, skipping PAT initialization too.
[    0.000000] CPU MTRRs all blank - virtualized system.
[    0.000000] x86/PAT: Configuration [0-7]: WB  WT  UC- UC  WB  WT  UC- UC  
[    0.000000] found SMP MP-table at [mem 0x0009fff0-0x0009ffff]
[    0.000000] Scanning 1 areas for low memory corruption
[    0.000000] RAMDISK: [mem 0x35a67000-0x36d2afff]
[    0.000000] ACPI: Early table checksum verification disabled
[    0.000000] ACPI: RSDP 0x00000000000E0000 000024 (v02 VBOX  )
[    0.000000] ACPI: XSDT 0x000000003FFF0030 00003C (v01 VBOX   VBOXXSDT 00000001 ASL  00000061)
[    0.000000] ACPI: FACP 0x000000003FFF00F0 0000F4 (v04 VBOX   VBOXFACP 00000001 ASL  00000061)
[    0.000000] ACPI: DSDT 0x000000003FFF0470 002325 (v02 VBOX   VBOXBIOS 00000002 INTL 20190509)
[    0.000000] ACPI: FACS 0x000000003FFF0200 000040
[    0.000000] ACPI: FACS 0x000000003FFF0200 000040
[    0.000000] ACPI: APIC 0x000000003FFF0240 00005C (v02 VBOX   VBOXAPIC 00000001 ASL  00000061)
[    0.000000] ACPI: SSDT 0x000000003FFF02A0 0001CC (v01 VBOX   VBOXCPUT 00000002 INTL 20190509)
[    0.000000] No NUMA configuration found
[    0.000000] Faking a node at [mem 0x0000000000000000-0x000000003ffeffff]
[    0.000000] NODE_DATA(0) allocated [mem 0x3ffc5000-0x3ffeffff]
[    0.000000] kvm-clock: cpu 0, msr 0:3ff44001, primary cpu clock
[    0.000000] kvm-clock: Using msrs 4b564d01 and 4b564d00
[    0.000000] kvm-clock: using sched offset of 3770976907 cycles
[    0.000000] clocksource: kvm-clock: mask: 0xffffffffffffffff max_cycles: 0x1cd42e4dffb, max_idle_ns: 881590591483 ns
[    0.000000] Zone ranges:
[    0.000000]   DMA      [mem 0x0000000000001000-0x0000000000ffffff]
[    0.000000]   DMA32    [mem 0x0000000001000000-0x000000003ffeffff]
[    0.000000]   Normal   empty
[    0.000000]   Device   empty
[    0.000000] Movable zone start for each node
[    0.000000] Early memory node ranges
[    0.000000]   node   0: [mem 0x0000000000001000-0x000000000009efff]
[    0.000000]   node   0: [mem 0x0000000000100000-0x000000003ffeffff]
[    0.000000] Reserved but unavailable: 98 pages
[    0.000000] Initmem setup node 0 [mem 0x0000000000001000-0x000000003ffeffff]
[    0.000000] ACPI: PM-Timer IO Port: 0x4008
[    0.000000] IOAPIC[0]: apic_id 2, version 32, address 0xfec00000, GSI 0-23
[    0.000000] ACPI: INT_SRC_OVR (bus 0 bus_irq 0 global_irq 2 dfl dfl)
[    0.000000] ACPI: INT_SRC_OVR (bus 0 bus_irq 9 global_irq 9 low level)
[    0.000000] Using ACPI (MADT) for SMP configuration information
[    0.000000] smpboot: Allowing 2 CPUs, 0 hotplug CPUs
[    0.000000] PM: Registered nosave memory: [mem 0x00000000-0x00000fff]
[    0.000000] PM: Registered nosave memory: [mem 0x0009f000-0x0009ffff]
[    0.000000] PM: Registered nosave memory: [mem 0x000a0000-0x000effff]
[    0.000000] PM: Registered nosave memory: [mem 0x000f0000-0x000fffff]
[    0.000000] e820: [mem 0x40000000-0xfebfffff] available for PCI devices
[    0.000000] Booting paravirtualized kernel on KVM
[    0.000000] clocksource: refined-jiffies: mask: 0xffffffff max_cycles: 0xffffffff, max_idle_ns: 7645519600211568 ns
[    0.000000] random: get_random_bytes called from start_kernel+0x99/0x500 with crng_init=0
[    0.000000] setup_percpu: NR_CPUS:8192 nr_cpumask_bits:2 nr_cpu_ids:2 nr_node_ids:1
[    0.000000] percpu: Embedded 45 pages/cpu s147456 r8192 d28672 u1048576
[    0.000000] PV qspinlock hash table entries: 256 (order: 0, 4096 bytes)
[    0.000000] Built 1 zonelists, mobility grouping on.  Total pages: 257913
[    0.000000] Policy zone: DMA32
[    0.000000] Kernel command line: BOOT_IMAGE=/boot/vmlinuz-4.15.0-124-generic root=LABEL=cloudimg-rootfs ro console=tty1 console=ttyS0
[    0.000000] Memory: 983032K/1048120K available (12300K kernel code, 2482K rwdata, 4272K rodata, 2436K init, 2724K bss, 65088K reserved, 0K cma-reserved)
[    0.000000] SLUB: HWalign=64, Order=0-3, MinObjects=0, CPUs=2, Nodes=1
[    0.000000] Kernel/User page tables isolation: enabled
[    0.000000] ftrace: allocating 39402 entries in 154 pages
[    0.004000] Hierarchical RCU implementation.
[    0.004000] 	RCU restricting CPUs from NR_CPUS=8192 to nr_cpu_ids=2.
[    0.004000] 	Tasks RCU enabled.
[    0.004000] RCU: Adjusting geometry for rcu_fanout_leaf=16, nr_cpu_ids=2
[    0.004000] NR_IRQS: 524544, nr_irqs: 440, preallocated irqs: 16
[    0.004000] Console: colour VGA+ 80x25
[    0.004000] console [tty1] enabled
[    0.004000] console [ttyS0] enabled
[    0.004000] ACPI: Core revision 20170831
[    0.004000] ACPI: 2 ACPI AML tables successfully acquired and loaded
[    0.004000] APIC: Switch to symmetric I/O mode setup
[    0.004000] x2apic enabled
[    0.004000] Switched APIC routing to physical x2apic.
[    0.004000] ..TIMER: vector=0x30 apic1=0 pin1=2 apic2=-1 pin2=-1
[    0.004005] tsc: Detected 2585.428 MHz processor
[    0.004821] Calibrating delay loop (skipped) preset value.. 5170.85 BogoMIPS (lpj=10341712)
[    0.005542] pid_max: default: 32768 minimum: 301
[    0.006485] Security Framework initialized
[    0.008004] Yama: becoming mindful.
[    0.008782] AppArmor: AppArmor initialized
[    0.010669] Dentry cache hash table entries: 131072 (order: 8, 1048576 bytes)
[    0.012116] Inode-cache hash table entries: 65536 (order: 7, 524288 bytes)
[    0.013400] Mount-cache hash table entries: 2048 (order: 2, 16384 bytes)
[    0.014566] Mountpoint-cache hash table entries: 2048 (order: 2, 16384 bytes)
[    0.016362] Last level iTLB entries: 4KB 1024, 2MB 1024, 4MB 1024
[    0.017507] Last level dTLB entries: 4KB 1024, 2MB 1024, 4MB 1024, 1GB 4
[    0.018656] Spectre V1 : Mitigation: usercopy/swapgs barriers and __user pointer sanitization
[    0.020004] Spectre V2 : Mitigation: Full generic retpoline
[    0.021009] Spectre V2 : Spectre v2 / SpectreRSB mitigation: Filling RSB on context switch
[    0.022551] Speculative Store Bypass: Vulnerable
[    0.024053] SRBDS: Unknown: Dependent on hypervisor status
[    0.025038] MDS: Mitigation: Clear CPU buffers
[    0.026069] Freeing SMP alternatives memory: 36K
[    0.137669] smpboot: CPU0: Intel(R) Core(TM) i5-4310U CPU @ 2.00GHz (family: 0x6, model: 0x45, stepping: 0x1)
[    0.139487] Performance Events: unsupported p6 CPU model 69 no PMU driver, software events only.
[    0.140000] Hierarchical SRCU implementation.
[    0.140694] NMI watchdog: Perf event create on CPU 0 failed with -2
[    0.142112] NMI watchdog: Perf NMI watchdog permanently disabled
[    0.143144] smp: Bringing up secondary CPUs ...
[    0.144113] x86: Booting SMP configuration:
[    0.144899] .... node  #0, CPUs:      #1
[    0.004000] kvm-clock: cpu 1, msr 0:3ff44041, secondary cpu clock
[    0.148030] smp: Brought up 1 node, 2 CPUs
[    0.148703] smpboot: Max logical packages: 1
[    0.149411] smpboot: Total of 2 processors activated (10341.71 BogoMIPS)
[    0.150784] devtmpfs: initialized
[    0.152061] x86/mm: Memory block size: 128MB
[    0.152952] evm: security.selinux
[    0.153586] evm: security.SMACK64
[    0.154190] evm: security.SMACK64EXEC
[    0.154867] evm: security.SMACK64TRANSMUTE
[    0.156003] evm: security.SMACK64MMAP
[    0.156667] evm: security.apparmor
[    0.157455] evm: security.ima
[    0.157977] evm: security.capability
[    0.158635] clocksource: jiffies: mask: 0xffffffff max_cycles: 0xffffffff, max_idle_ns: 7645041785100000 ns
[    0.160012] futex hash table entries: 512 (order: 3, 32768 bytes)
[    0.161720] pinctrl core: initialized pinctrl subsystem
[    0.162821] RTC time: 10:05:57, date: 01/01/21
[    0.164160] NET: Registered protocol family 16
[    0.165051] audit: initializing netlink subsys (disabled)
[    0.166004] audit: type=2000 audit(1609495562.723:1): state=initialized audit_enabled=0 res=1
[    0.166004] cpuidle: using governor ladder
[    0.168009] cpuidle: using governor menu
[    0.168787] ACPI: bus type PCI registered
[    0.169453] acpiphp: ACPI Hot Plug PCI Controller Driver version: 0.5
[    0.170579] PCI: Using configuration type 1 for base access
[    0.172947] HugeTLB registered 2.00 MiB page size, pre-allocated 0 pages
[    0.173423] ACPI: Added _OSI(Module Device)
[    0.176015] ACPI: Added _OSI(Processor Device)
[    0.176809] ACPI: Added _OSI(3.0 _SCP Extensions)
[    0.177676] ACPI: Added _OSI(Processor Aggregator Device)
[    0.178675] ACPI: Added _OSI(Linux-Dell-Video)
[    0.179456] ACPI: Added _OSI(Linux-Lenovo-NV-HDMI-Audio)
[    0.180006] ACPI: Added _OSI(Linux-HPI-Hybrid-Graphics)
[    0.181211] ACPI: Executed 1 blocks of module-level executable AML code
[    0.186069] ACPI: Interpreter enabled
[    0.186789] ACPI: (supports S0 S5)
[    0.187412] ACPI: Using IOAPIC for interrupt routing
[    0.188224] PCI: Using host bridge windows from ACPI; if necessary, use "pci=nocrs" and report a bug
[    0.189934] ACPI: Enabled 2 GPEs in block 00 to 07
[    0.197183] ACPI: PCI Root Bridge [PCI0] (domain 0000 [bus 00-ff])
[    0.198425] acpi PNP0A03:00: _OSC: OS supports [ASPM ClockPM Segments MSI]
[    0.200511] acpi PNP0A03:00: _OSC: not requesting OS control; OS requires [ExtendedConfig ASPM ClockPM MSI]
[    0.202158] acpi PNP0A03:00: fail to add MMCONFIG information, can't access extended PCI configuration space under this bridge.
[    0.204381] PCI host bridge to bus 0000:00
[    0.205041] pci_bus 0000:00: root bus resource [io  0x0000-0x0cf7 window]
[    0.206053] pci_bus 0000:00: root bus resource [io  0x0d00-0xffff window]
[    0.207301] pci_bus 0000:00: root bus resource [mem 0x000a0000-0x000bffff window]
[    0.208009] pci_bus 0000:00: root bus resource [mem 0x40000000-0xfdffffff window]
[    0.209177] pci_bus 0000:00: root bus resource [bus 00-ff]
[    0.213416] pci 0000:00:01.1: legacy IDE quirk: reg 0x10: [io  0x01f0-0x01f7]
[    0.214729] pci 0000:00:01.1: legacy IDE quirk: reg 0x14: [io  0x03f6]
[    0.215878] pci 0000:00:01.1: legacy IDE quirk: reg 0x18: [io  0x0170-0x0177]
[    0.216004] pci 0000:00:01.1: legacy IDE quirk: reg 0x1c: [io  0x0376]
[    0.238032] pci 0000:00:07.0: quirk: [io  0x4000-0x403f] claimed by PIIX4 ACPI
[    0.239749] pci 0000:00:07.0: quirk: [io  0x4100-0x410f] claimed by PIIX4 SMB
[    0.258231] ACPI: PCI Interrupt Link [LNKA] (IRQs 5 9 10 *11)
[    0.259807] ACPI: PCI Interrupt Link [LNKB] (IRQs 5 9 *10 11)
[    0.260158] ACPI: PCI Interrupt Link [LNKC] (IRQs 5 *9 10 11)
[    0.261687] ACPI: PCI Interrupt Link [LNKD] (IRQs 5 9 10 *11)
[    0.264384] SCSI subsystem initialized
[    0.265265] pci 0000:00:02.0: vgaarb: setting as boot VGA device
[    0.265265] pci 0000:00:02.0: vgaarb: VGA device added: decodes=io+mem,owns=io+mem,locks=none
[    0.266506] pci 0000:00:02.0: vgaarb: bridge control possible
[    0.268009] vgaarb: loaded
[    0.268614] ACPI: bus type USB registered
[    0.269329] usbcore: registered new interface driver usbfs
[    0.270195] usbcore: registered new interface driver hub
[    0.271181] usbcore: registered new device driver usb
[    0.272077] EDAC MC: Ver: 3.0.0
[    0.272848] PCI: Using ACPI for IRQ routing
[    0.273404] NetLabel: Initializing
[    0.276014] NetLabel:  domain hash size = 128
[    0.276813] NetLabel:  protocols = UNLABELED CIPSOv4 CALIPSO
[    0.277861] NetLabel:  unlabeled traffic allowed by default
[    0.278989] clocksource: Switched to clocksource kvm-clock
[    0.288248] VFS: Disk quotas dquot_6.6.0
[    0.288957] VFS: Dquot-cache hash table entries: 512 (order 0, 4096 bytes)
[    0.290328] AppArmor: AppArmor Filesystem Enabled
[    0.291345] pnp: PnP ACPI init
[    0.292996] pnp: PnP ACPI: found 3 devices
[    0.303640] clocksource: acpi_pm: mask: 0xffffff max_cycles: 0xffffff, max_idle_ns: 2085701024 ns
[    0.305719] NET: Registered protocol family 2
[    0.306662] TCP established hash table entries: 8192 (order: 4, 65536 bytes)
[    0.308288] TCP bind hash table entries: 8192 (order: 5, 131072 bytes)
[    0.310026] TCP: Hash tables configured (established 8192 bind 8192)
[    0.311131] UDP hash table entries: 512 (order: 2, 16384 bytes)
[    0.312110] UDP-Lite hash table entries: 512 (order: 2, 16384 bytes)
[    0.313156] NET: Registered protocol family 1
[    0.314079] pci 0000:00:00.0: Limiting direct PCI/PCI transfers
[    0.315034] pci 0000:00:01.0: Activating ISA DMA hang workarounds
[    0.316140] pci 0000:00:02.0: Video device with shadowed ROM at [mem 0x000c0000-0x000dffff]
[    0.317620] Unpacking initramfs...
[    0.596923] Freeing initrd memory: 19216K
[    0.597857] clocksource: tsc: mask: 0xffffffffffffffff max_cycles: 0x2544767bfa6, max_idle_ns: 440795332770 ns
[    0.599438] platform rtc_cmos: registered platform RTC device (no PNP device found)
[    0.601245] Scanning for low memory corruption every 60 seconds
[    0.602897] Initialise system trusted keyrings
[    0.604757] Key type blacklist registered
[    0.606775] workingset: timestamp_bits=36 max_order=18 bucket_order=0
[    0.609050] zbud: loaded
[    0.610480] squashfs: version 4.0 (2009/01/31) Phillip Lougher
[    0.611747] fuse init (API version 7.26)
[    0.615299] Key type asymmetric registered
[    0.616176] Asymmetric key parser 'x509' registered
[    0.617161] Block layer SCSI generic (bsg) driver version 0.4 loaded (major 246)
[    0.618786] io scheduler noop registered
[    0.619575] io scheduler deadline registered
[    0.620529] io scheduler cfq registered (default)
[    0.622044] ACPI: AC Adapter [AC] (on-line)
[    0.623600] input: Power Button as /devices/LNXSYSTM:00/LNXPWRBN:00/input/input0
[    0.625371] ACPI: Power Button [PWRF]
[    0.626535] input: Sleep Button as /devices/LNXSYSTM:00/LNXSLPBN:00/input/input1
[    0.627976] ACPI: Sleep Button [SLPF]
[    0.630271] ACPI: Battery Slot [BAT0] (battery present)
[    0.631655] Serial: 8250/16550 driver, 32 ports, IRQ sharing enabled
[    0.653850] 00:02: ttyS0 at I/O 0x3f8 (irq = 4, base_baud = 115200) is a 16550A
[    0.660647] Linux agpgart interface v0.103
[    0.664300] loop: module loaded
[    0.665808] scsi host0: ata_piix
[    0.667003] scsi host1: ata_piix
[    0.667802] ata1: PATA max UDMA/33 cmd 0x1f0 ctl 0x3f6 bmdma 0xd000 irq 14
[    0.669495] ata2: PATA max UDMA/33 cmd 0x170 ctl 0x376 bmdma 0xd008 irq 15
[    0.671221] libphy: Fixed MDIO Bus: probed
[    0.672212] tun: Universal TUN/TAP device driver, 1.6
[    0.673743] PPP generic driver version 2.4.2
[    0.674909] ehci_hcd: USB 2.0 'Enhanced' Host Controller (EHCI) Driver
[    0.677098] ehci-pci: EHCI PCI platform driver
[    0.678335] ehci-platform: EHCI generic platform driver
[    0.679598] ohci_hcd: USB 1.1 'Open' Host Controller (OHCI) Driver
[    0.681262] ohci-pci: OHCI PCI platform driver
[    0.682424] ohci-platform: OHCI generic platform driver
[    0.683666] uhci_hcd: USB Universal Host Controller Interface driver
[    0.685406] i8042: PNP: PS/2 Controller [PNP0303:PS2K,PNP0f03:PS2M] at 0x60,0x64 irq 1,12
[    0.688289] serio: i8042 KBD port at 0x60,0x64 irq 1
[    0.689420] serio: i8042 AUX port at 0x60,0x64 irq 12
[    0.690495] mousedev: PS/2 mouse device common for all mice
[    0.691967] input: AT Translated Set 2 keyboard as /devices/platform/i8042/serio0/input/input2
[    0.694056] rtc_cmos rtc_cmos: rtc core: registered rtc_cmos as rtc0
[    0.695084] rtc_cmos rtc_cmos: alarms up to one day, 114 bytes nvram
[    0.696088] i2c /dev entries driver
[    0.696738] device-mapper: uevent: version 1.0.3
[    0.697590] device-mapper: ioctl: 4.37.0-ioctl (2017-09-20) initialised: dm-devel@redhat.com
[    0.699128] ledtrig-cpu: registered to indicate activity on CPUs
[    0.701020] NET: Registered protocol family 10
[    0.706239] Segment Routing with IPv6
[    0.706987] NET: Registered protocol family 17
[    0.707804] Key type dns_resolver registered
[    0.709045] mce: Using 0 MCE banks
[    0.710009] RAS: Correctable Errors collector initialized.
[    0.711247] sched_clock: Marking stable (708983678, 0)->(862654841, -153671163)
[    0.713588] registered taskstats version 1
[    0.714570] Loading compiled-in X.509 certificates
[    0.718259] Loaded X.509 cert 'Build time autogenerated kernel key: be62403dcace2d46f96dafa9f42421c610ef3c2a'
[    0.720256] zswap: loaded using pool lzo/zbud
[    0.725059] Key type big_key registered
[    0.725879] Key type trusted registered
[    0.729131] Key type encrypted registered
[    0.730116] AppArmor: AppArmor sha1 policy hashing enabled
[    0.731397] ima: No TPM chip found, activating TPM-bypass! (rc=-19)
[    0.732861] ima: Allocated hash algorithm: sha1
[    0.733961] evm: HMAC attrs: 0x1
[    0.735037]   Magic number: 5:614:71
[    0.736038] rtc_cmos rtc_cmos: setting system clock to 2021-01-01 10:05:57 UTC (1609495557)
[    0.738169] BIOS EDD facility v0.16 2004-Jun-25, 0 devices found
[    0.739606] EDD information not available.
[    0.856277] Freeing unused kernel image memory: 2436K
[    0.868186] Write protecting the kernel read-only data: 20480k
[    0.870583] Freeing unused kernel image memory: 2008K
[    0.872531] Freeing unused kernel image memory: 1872K
[    0.885661] x86/mm: Checked W+X mappings: passed, no W+X pages found.
[    0.886745] x86/mm: Checking user space page tables
[    0.894060] x86/mm: Checked W+X mappings: passed, no W+X pages found.
Loading, please wait...
starting version 237
[    1.003957] Fusion MPT base driver 3.04.20
[    1.005054] Copyright (c) 1999-2008 LSI Corporation
[    1.012413] e1000: Intel(R) PRO/1000 Network Driver - version 7.3.21-k8-NAPI
[    1.014253] e1000: Copyright (c) 1999-2006 Intel Corporation.
[    1.037970] AVX2 version of gcm_enc/dec engaged.
[    1.039114] AES CTR mode by8 optimization enabled
[    1.040702] Fusion MPT SPI Host driver 3.04.20
[    1.194720] input: ImExPS/2 Generic Explorer Mouse as /devices/platform/i8042/serio1/input/input4
[    1.617953] e1000 0000:00:03.0 eth0: (PCI:33MHz:32-bit) 02:60:71:1d:34:36
[    1.619205] e1000 0000:00:03.0 eth0: Intel(R) PRO/1000 Network Connection
[    2.086867] e1000 0000:00:08.0 eth1: (PCI:33MHz:32-bit) 08:00:27:e2:d5:36
[    2.088208] e1000 0000:00:08.0 eth1: Intel(R) PRO/1000 Network Connection
[    2.090718] e1000 0000:00:03.0 enp0s3: renamed from eth0
[    2.091820] mptbase: ioc0: Initiating bringup
[    2.100777] e1000 0000:00:08.0 enp0s8: renamed from eth1
[    2.876214] ioc0: LSI53C1030 A0: Capabilities={Initiator}
[    6.087811] scsi host2: ioc0: LSI53C1030 A0, FwRev=00000000h, Ports=1, MaxQ=256, IRQ=20
[   10.098924] scsi 2:0:0:0: Direct-Access     VBOX     HARDDISK         1.0  PQ: 0 ANSI: 5
[   10.132081] scsi target2:0:0: Beginning Domain Validation
[   10.134744] scsi target2:0:0: Domain Validation skipping write tests
[   10.135991] scsi target2:0:0: Ending Domain Validation
[   10.137964] scsi target2:0:0: asynchronous
[   10.139376] scsi 2:0:1:0: Direct-Access     VBOX     HARDDISK         1.0  PQ: 0 ANSI: 5
[   10.172085] scsi target2:0:1: Beginning Domain Validation
[   10.174403] random: fast init done
[   10.175466] scsi target2:0:1: Domain Validation skipping write tests
[   10.176803] scsi target2:0:1: Ending Domain Validation
[   10.178196] scsi target2:0:1: asynchronous
[   10.183692] random: systemd-udevd: uninitialized urandom read (16 bytes read)
[   10.183838] sd 2:0:0:0: Attached scsi generic sg0 type 0
[   10.185226] random: systemd-udevd: uninitialized urandom read (16 bytes read)
[   10.186652] sd 2:0:1:0: Attached scsi generic sg1 type 0
[   10.188458] random: systemd-udevd: uninitialized urandom read (16 bytes read)
[   10.191396] sd 2:0:0:0: [sda] 20971520 512-byte logical blocks: (10.7 GB/10.0 GiB)
[   10.193454] sd 2:0:1:0: [sdb] 20480 512-byte logical blocks: (10.5 MB/10.0 MiB)
[   10.195254] sd 2:0:1:0: [sdb] Write Protect is off
[   10.196077] sd 2:0:0:0: [sda] Write Protect is off
[   10.197081] sd 2:0:1:0: [sdb] Incomplete mode parameter data
[   10.198815] sd 2:0:1:0: [sdb] Assuming drive cache: write through
[   10.199983] sd 2:0:0:0: [sda] Incomplete mode parameter data
[   10.200994] sd 2:0:0:0: [sda] Assuming drive cache: write through
[   10.218926]  sda: sda1
[   10.220646] sd 2:0:0:0: [sda] Attached SCSI disk
[   10.233444] sd 2:0:1:0: [sdb] Attached SCSI disk
Begin: Loading essential drivers ... [   11.808049] raid6: sse2x1   gen()  8622 MB/s
[   11.856084] raid6: sse2x1   xor()  5687 MB/s
[   11.905077] raid6: sse2x2   gen()  7758 MB/s
[   11.952069] raid6: sse2x2   xor()  4105 MB/s
[   12.000155] raid6: sse2x4   gen()  7165 MB/s
[   12.048025] raid6: sse2x4   xor()  4506 MB/s
[   12.100098] raid6: avx2x1   gen()  8883 MB/s
[   12.148075] raid6: avx2x1   xor()  7606 MB/s
[   12.196069] raid6: avx2x2   gen() 12627 MB/s
[   12.248071] raid6: avx2x2   xor()  6665 MB/s
[   12.296141] raid6: avx2x4   gen() 19706 MB/s
[   12.344101] raid6: avx2x4   xor()  9318 MB/s
[   12.346059] raid6: using algorithm avx2x4 gen() 19706 MB/s
[   12.347659] raid6: .... xor() 9318 MB/s, rmw enabled
[   12.349099] raid6: using avx2x2 recovery algorithm
[   12.353055] xor: automatically using best checksumming function   avx       
[   12.357220] async_tx: api initialized (async)
done.
Begin: Running /scripts/init-premount ... done.
Begin: Mounting root file system ... Begin: Running /scripts/local-top ... done.
Begin: Running /scripts/local-premount ... [   12.431375] Btrfs loaded, crc32c=crc32c-intel
Scanning for Btrfs filesystems
done.
Warning: fsck not present, so skipping root file system
[   12.553762] EXT4-fs (sda1): mounted filesystem with ordered data mode. Opts: (null)
done.
Begin: Running /scripts/local-bottom ... done.
Begin: Running /scripts/init-bottom ... done.
[   13.462581] ip_tables: (C) 2000-2006 Netfilter Core Team
[   13.518776] systemd[1]: systemd 237 running in system mode. (+PAM +AUDIT +SELINUX +IMA +APPARMOR +SMACK +SYSVINIT +UTMP +LIBCRYPTSETUP +GCRYPT +GNUTLS +ACL +XZ +LZ4 +SECCOMP +BLKID +ELFUTILS +KMOD -IDN2 +IDN -PCRE2 default-hierarchy=hybrid)
[   13.522192] systemd[1]: Detected virtualization oracle.
[   13.523047] systemd[1]: Detected architecture x86-64.

Welcome to [1mUbuntu 18.04.5 LTS[0m!

[   13.551477] systemd[1]: Set hostname to <ubuntu>.
[   13.592486] systemd[1]: Initializing machine ID from random generator.
[   13.593805] systemd[1]: Installed transient /etc/machine-id file.
[   14.604238] random: crng init done
[   14.605180] random: 7 urandom warning(s) missed due to ratelimiting
[   14.893685] systemd[1]: Reached target System Time Synchronized.
[[0;32m  OK  [0m] Reached target System Time Synchronized.
[   14.908494] systemd[1]: Created slice System Slice.
[[0;32m  OK  [0m] Created slice System Slice.
[   14.909889] systemd[1]: Listening on udev Kernel Socket.
[[0;32m  OK  [0m] Listening on udev Kernel Socket.
[   14.911409] systemd[1]: Listening on Journal Socket (/dev/log).
[[0;32m  OK  [0m] Listening on Journal Socket (/dev/log).
[[0;32m  OK  [0m] Listening on udev Control Socket.
[[0;32m  OK  [0m] Listening on LVM2 metadata daemon socket.
[[0;32m  OK  [0m] Listening on Syslog Socket.
[[0;32m  OK  [0m] Listening on Device-mapper event daemon FIFOs.
[[0;32m  OK  [0m] Listening on Network Service Netlink Socket.
[[0;32m  OK  [0m] Created slice system-serial\x2dgetty.slice.
[[0;32m  OK  [0m] Created slice User and Session Slice.
[[0;32m  OK  [0m] Reached target Slices.
[[0;32m  OK  [0m] Listening on /dev/initctl Compatibility Named Pipe.
[[0;32m  OK  [0m] Reached target Swap.
[[0;32m  OK  [0m] Listening on LVM2 poll daemon socket.
[[0;32m  OK  [0m] Listening on Journal Socket.
         Mounting Huge Pages File System...
         Starting Monitoring of LVM2 mirrors…ng dmeventd or progress polling...
         Starting Load Kernel Modules...
         Mounting POSIX Message Queue File System...
         Mounting Kernel Debug File System...
         Starting udev Coldplug all Devices...
         Starting Create list of required st…ce nodes for the current kernel...
[[0;32m  OK  [0m] Listening on Journal Audit Socket.
         Starting Journal Service...
[[0;32m  OK  [0m] Set up automount Arbitrary Executab…rmats File System Automount Point.
[   15.017409] Loading iSCSI transport class v2.0-870.
         Starting Remount Root and Kernel File Systems...
         Starting Set the console keyboard layout...
         Starting Uncomplicated firewall...
[[0;32m  OK  [0m] Reached target User and Group Name Lookups.
[[0;32m  OK  [0m] Started Forward Password Requests to Wall Directory Watch.
[[0;32m  OK  [0m] Mounted Huge Pages File System.
[[0;32m  OK  [0m] Mounted POSIX Message Queue File System.
[[0;32m  OK  [0m] Mounted Kernel Debug File System.
[[0;32m  OK  [0m] Started Create list of required sta…vice nodes for the current kernel.
         Starting Create Static Device Nodes in /dev...
[[0;32m  OK  [0m] Started udev Coldplug all Devices.
[[0;32m  OK  [0m] Started Journal Service.
[   15.244413] iscsi: registered transport (tcp)
[[0;32m  OK  [0m] Started Uncomplicated firewall.
[   15.498205] iscsi: registered transport (iser)
[[0;32m  OK  [0m] Started Load Kernel Modules.
         Mounting Kernel Configuration File System...
         Starting Apply Kernel Variables...
         Mounting FUSE Control File System...
[[0;32m  OK  [0m] Mounted Kernel Configuration File System.
[[0;32m  OK  [0m] Mounted FUSE Control File System.
[   15.518799] EXT4-fs (sda1): re-mounted. Opts: (null)
[[0;32m  OK  [0m] Started Remount Root and Kernel File Systems.
         Starting Load/Save Random Seed...
         Starting Flush Journal to Persistent Storage...
[[0;32m  OK  [0m] Started Load/Save Random Seed.
[   15.743078] systemd-journald[407]: Received request to flush runtime journal from PID 1
[[0;32m  OK  [0m] Started Create Static Device Nodes in /dev.
[[0;32m  OK  [0m] Started LVM2 metadata daemon.
         Starting udev Kernel Device Manager...
[[0;32m  OK  [0m] Started Apply Kernel Variables.
[[0;32m  OK  [0m] Started Flush Journal to Persistent Storage.
[[0;32m  OK  [0m] Started Monitoring of LVM2 mirrors,…sing dmeventd or progress polling.
[[0;32m  OK  [0m] Started udev Kernel Device Manager.
[[0;32m  OK  [0m] Found device /dev/ttyS0.
[[0;32m  OK  [0m] Listening on Load/Save RF Kill Switch Status /dev/rfkill Watch.
[[0;32m  OK  [0m] Started Set the console keyboard layout.
[[0;32m  OK  [0m] Reached target Local File Systems (Pre).
[[0;32m  OK  [0m] Reached target Local File Systems.
         Starting Create Volatile Files and Directories...
         Starting AppArmor initialization...
         Starting Set console font and keymap...
         Starting Commit a transient machine-id on disk...
         Starting Tell Plymouth To Write Out Runtime Data...
         Starting ebtables ruleset management...
[[0;32m  OK  [0m] Started Dispatch Password Requests to Console Directory Watch.
[[0;32m  OK  [0m] Reached target Local Encrypted Volumes.
[[0;32m  OK  [0m] Started Create Volatile Files and Directories.
         Starting Update UTMP about System Boot/Shutdown...
[[0;32m  OK  [0m] Started Tell Plymouth To Write Out Runtime Data.
[[0;32m  OK  [0m] Started Set console font and keymap.
[[0;32m  OK  [0m] Started Update UTMP about System Boot/Shutdown.
[[0;32m  OK  [0m] Started Commit a transient machine-id on disk.
[[0;32m  OK  [0m] Started ebtables ruleset management.
[[0;32m  OK  [0m] Started AppArmor initialization.
         Starting Load AppArmor profiles managed internally by snapd...
         Starting Initial cloud-init job (pre-networking)...
[[0;32m  OK  [0m] Started Load AppArmor profiles managed internally by snapd.
[   28.320329] cloud-init[678]: Cloud-init v. 20.3-2-g371b392c-0ubuntu1~18.04.1 running 'init-local' at Fri, 01 Jan 2021 10:06:23 +0000. Up 26.83 seconds.
[[0;32m  OK  [0m] Started Initial cloud-init job (pre-networking).
[[0;32m  OK  [0m] Reached target Network (Pre).
         Starting Network Service...
[[0;32m  OK  [0m] Started Network Service.
         Starting Network Name Resolution...
         Starting Wait for Network to be Configured...
[[0;32m  OK  [0m] Started Network Name Resolution.
[[0;32m  OK  [0m] Reached target Host and Network Name Lookups.
[[0;32m  OK  [0m] Reached target Network.
[[0;32m  OK  [0m] Started Wait for Network to be Configured.
         Starting Initial cloud-init job (metadata service crawler)...
[   31.034387] cloud-init[825]: Cloud-init v. 20.3-2-g371b392c-0ubuntu1~18.04.1 running 'init' at Fri, 01 Jan 2021 10:06:27 +0000. Up 30.81 seconds.
[   31.038133] cloud-init[825]: ci-info: ++++++++++++++++++++++++++++++++++++++Net device info+++++++++++++++++++++++++++++++++++++++
[   31.048295] cloud-init[825]: ci-info: +--------+-------+----------------------------+---------------+--------+-------------------+
[   31.049999] cloud-init[825]: ci-info: | Device |   Up  |          Address           |      Mask     | Scope  |     Hw-Address    |
[   31.051719] cloud-init[825]: ci-info: +--------+-------+----------------------------+---------------+--------+-------------------+
[   31.053321] cloud-init[825]: ci-info: | enp0s3 |  True |         10.0.2.15          | 255.255.255.0 | global | 02:60:71:1d:34:36 |
[   31.055359] cloud-init[825]: ci-info: | enp0s3 |  True | fe80::60:71ff:fe1d:3436/64 |       .       |  link  | 02:60:71:1d:34:36 |
[   31.068234] cloud-init[825]: ci-info: | enp0s8 | False |             .              |       .       |   .    | 08:00:27:e2:d5:36 |
[   31.069945] cloud-init[825]: ci-info: |   lo   |  True |         127.0.0.1          |   255.0.0.0   |  host  |         .         |
[   31.072027] cloud-init[825]: ci-info: |   lo   |  True |          ::1/128           |       .       |  host  |         .         |
[   31.084294] cloud-init[825]: ci-info: +--------+-------+----------------------------+---------------+--------+-------------------+
[   31.085815] cloud-init[825]: ci-info: ++++++++++++++++++++++++++++Route IPv4 info+++++++++++++++++++++++++++++
[   31.087560] cloud-init[825]: ci-info: +-------+-------------+----------+-----------------+-----------+-------+
[   31.089152] cloud-init[825]: ci-info: | Route | Destination | Gateway  |     Genmask     | Interface | Flags |
[   31.090988] cloud-init[825]: ci-info: +-------+-------------+----------+-----------------+-----------+-------+
[   31.093663] cloud-init[825]: ci-info: |   0   |   0.0.0.0   | 10.0.2.2 |     0.0.0.0     |   enp0s3  |   UG  |
[   31.095623] cloud-init[825]: ci-info: |   1   |   10.0.2.0  | 0.0.0.0  |  255.255.255.0  |   enp0s3  |   U   |
[   31.097418] cloud-init[825]: ci-info: |   2   |   10.0.2.2  | 0.0.0.0  | 255.255.255.255 |   enp0s3  |   UH  |
[   31.100894] cloud-init[825]: ci-info: +-------+-------------+----------+-----------------+-----------+-------+
[   31.102032] cloud-init[825]: ci-info: +++++++++++++++++++Route IPv6 info+++++++++++++++++++
[   31.103028] cloud-init[825]: ci-info: +-------+-------------+---------+-----------+-------+
[   31.112282] cloud-init[825]: ci-info: | Route | Destination | Gateway | Interface | Flags |
[   31.113675] cloud-init[825]: ci-info: +-------+-------------+---------+-----------+-------+
[   31.115139] cloud-init[825]: ci-info: |   1   |  fe80::/64  |    ::   |   enp0s3  |   U   |
[   31.116282] cloud-init[825]: ci-info: |   3   |    local    |    ::   |   enp0s3  |   U   |
[   31.128258] cloud-init[825]: ci-info: |   4   |   ff00::/8  |    ::   |   enp0s3  |   U   |
[   31.129284] cloud-init[825]: ci-info: +-------+-------------+---------+-----------+-------+
[   33.500575] cloud-init[825]: Generating public/private rsa key pair.
[   33.501462] cloud-init[825]: Your identification has been saved in /etc/ssh/ssh_host_rsa_key.
[   33.502602] cloud-init[825]: Your public key has been saved in /etc/ssh/ssh_host_rsa_key.pub.
[   33.503807] cloud-init[825]: The key fingerprint is:
[   33.505561] cloud-init[825]: SHA256:4T+aOF+Died07H//IZRqcySFsLiW9lKi5ncGS5azfu0 root@ubuntu-bionic
[   33.507107] cloud-init[825]: The key's randomart image is:
[   33.508015] cloud-init[825]: +---[RSA 2048]----+
[   33.509056] cloud-init[825]: |         .       |
[   33.509817] cloud-init[825]: |        . o .    |
[   33.510599] cloud-init[825]: |       ... . .   |
[   33.511298] cloud-init[825]: |       .o.  . .  |
[   33.511978] cloud-init[825]: |       *S. . +   |
[   33.512662] cloud-init[825]: |      +B+=  =    |
[   33.513329] cloud-init[825]: |     o+.X.O+ o . |
[   33.536613] cloud-init[825]: |    o .O.X.+o o .|
[   33.537328] cloud-init[825]: |     .++O oE.. .+|
[   33.538028] cloud-init[825]: +----[SHA256]-----+
[   33.560455] cloud-init[825]: Generating public/private dsa key pair.
[   33.561454] cloud-init[825]: Your identification has been saved in /etc/ssh/ssh_host_dsa_key.
[   33.562440] cloud-init[825]: Your public key has been saved in /etc/ssh/ssh_host_dsa_key.pub.
[   33.563566] cloud-init[825]: The key fingerprint is:
[   33.564203] cloud-init[825]: SHA256:/Z8X6YzZZS+QnNbUFW/T0gKWg0vBS7AwvLH39KK5E3w root@ubuntu-bionic
[   33.565216] cloud-init[825]: The key's randomart image is:
[   33.588903] cloud-init[825]: +---[DSA 1024]----+
[[   33.605484] cloud-init[825]: |     .o .o.oo. ..|
[   33.606051] cloud-init[825]: |      oo .=.o. .+|
[   33.606869] cloud-init[825]: |       +.o o .oo*|
[   33.607411] cloud-init[825]: |      o ..+   .+o|
[   33.607894] [0;32m  OK  [0m] Started Initial cloud-init job (metadata service crawler).
[[0;32m  OK  [0m] Reached target Cloud-config availability.
[[0;32m  OK  [0m] Reached target System Initialization.
[[0;32m  OK  [0m] Started Daily Cleanup of Temporary Directories.
cloud-init[825]: |       oSo.o =  .|
[   33.612047] cloud-init[825]: |        o E.B .oo|
[   33.612748] cloud-init[825]: |         = o..*.+|
[   33.613539] cloud-init[825]: |        +    +.=o|
[   33.614582] cloud-init[825]: |        .o    oo |
[   33.615447] cloud-init[825]: +----[SHA256]-----+
[   33.616388] cloud-init[825]: Generating public/private ecdsa key pair.
[   33.617418] cloud-init[825]: Your identification has been saved in /etc/ssh/ssh_host_ecdsa_key.
[   33.618747] cloud-init[825]: Your public key has been saved in /etc/ssh/ssh_host_ecdsa_key.pub.
[   33.619772] cloud-init[825]: The key fingerprint is:
         [   33.634601] cloud-init[825]: SHA256:yvVSDCpW5CPMlPUJ4Y6ecxgFmUGwOInG1ym3vsOOuAY root@ubuntu-bionic
[   33.634951] cloud-init[825]: The key's randomart image is:
Starting LXD - unix socket.
[   33.635647] cloud-init[825]: +---[ECDSA 256]---+
[   33.637487] cloud-init[825]: |  .o=*=.         |
[[0;32m  OK  [0m[   33.638053] cloud-init[825]: |oo ===.o .       |
[   33.638319] cloud-init[825]: |=o.o++* +        |
] [   33.639265] cloud-init[825]: |... o*.o o       |
[   33.639401] cloud-init[825]: |    =.o S o      |
[   33.639949] cloud-init[825]: |E  o.* o o       |
Listening on ACPID Listen Socket.
[   33.640420] cloud-init[825]: |.   *.+ . .      |
[   33.641854] cloud-init[825]: | .. .=.  .       |
[   33.641945] cloud-init[825]: |.o...o.          |
[   33.642481] cloud-init[825]: +----[SHA256]-----+
[   33.643221] cloud-init[825]: Generating public/private ed25519 key pair.
[   33.643525] cloud-init[825]: Your identification has been saved in /etc/ssh/ssh_host_ed25519_key.
[   33.644381] cloud-init[825]: Your public key has been saved in /etc/ssh/ssh_host_ed25519_key.pub.
[   33.645072] cloud-init[825]: The key fingerprint is:
[   33.645617] cloud-init[825]: SHA256:dHmoeArPN9/gKDjfVVx01INebxUOPkwoUS9h9rk5dv8 root@ubuntu-bionic
[   33.646354] [[0;32m  OK  [0m] Listening on Open-iSCSI iscsid Socket.
cloud-init[825]: The key's randomart image is:
[   33.650984] cloud-init[825]: +--[ED25519 256]--+
[[0;32m  OK  [0m[   33.651833] cloud-init[825]: |         .o=.ooo=|
] Started Daily apt download activities.
[   33.652189] cloud-init[825]: |         .o+Bo++o|
[   33.653779] cloud-init[825]: |        . =.oBo.+|
[   33.653907] cloud-init[825]: |       o o o.o+ o|
[[   33.654593] [0;32m  OK  [0mcloud-init] [825]: Started Daily apt upgrade and clean activities.|    . . S   o= o |

[   33.654845] cloud-init[825]: |     + o   .. o .|
[[0;32m  OK  [0m] [   33.657442] cloud-init[825]: |     .+ o o     .|
[   33.657585] cloud-init[825]: |    o .o * o    .|
[   33.658166] cloud-init[825]: |     o..o o .   E|
Listening on UUID daemon activation socket.
[   33.658880] cloud-init[825]: +----[SHA256]-----+
         Starting Socket activation for snappy daemon.
[[0;32m  OK  [0m] Started Discard unused blocks once a week.
[[0;32m  OK  [0m] Started ACPI Events Check.
[[0;32m  OK  [0m] Reached target Paths.
[[0;32m  OK  [0m] Started Message of the Day.
[[0;32m  OK  [0m] Listening on D-Bus System Message Bus Socket.
[[0;32m  OK  [0m] Reached target Timers.
[[0;32m  OK  [0m] Reached target Network is Online.
[[0;32m  OK  [0m] Reached target Remote File Systems (Pre).
[[0;32m  OK  [0m] Reached target Remote File Systems.
         Starting Availability of block devices...
[[0;32m  OK  [0m] Listening on LXD - unix socket.
[[0;32m  OK  [0m] Listening on Socket activation for snappy daemon.
[[0;32m  OK  [0m] Reached target Sockets.
[[0;32m  OK  [0m] Reached target Basic System.
         Starting Dispatcher daemon for systemd-networkd...
         Starting System Logging Service...
         Starting LSB: automatic crash report generation...
         Starting Accounts Service...
         Starting LSB: Record successful boot for GRUB...
[[0;32m  OK  [0m] Started irqbalance daemon.
         Starting Permit User Sessions...
         Starting Login Service...
[[0;32m  OK  [0m] Started Deferred execution scheduler.
[[0;32m  OK  [0m] Started FUSE filesystem for LXC.
         Starting LXD - container startup/shutdown...
[[0;32m  OK  [0m] Started Regular background program processing daemon.
[[0;32m  OK  [0m] Started D-Bus System Message Bus.
         Starting Snap Daemon...
         Starting Virtualbox guest utils...
         Starting Pollinate to seed the pseudo random number generator...
[[0;32m  OK  [0m] Started System Logging Service.
[[0;32m  OK  [0m] Started Dispatcher daemon for systemd-networkd.
[[0;32m  OK  [0m] Started Availability of block devices.
[[0;32m  OK  [0m] Started Permit User Sessions.
[[0;32m  OK  [0m] Started Login Service.
         Starting Authorization Manager...
[[0;32m  OK  [0m] Started Unattended Upgrades Shutdown.
         Starting Terminate Plymouth Boot Screen...
         Starting Hold until boot process finishes up...
[[0;32m  OK  [0m] Started Hold until boot process finishes up.
[[0;32m  OK  [0m] Started Terminate Plymouth Boot Screen.
[[0;32m  OK  [0m] Started Serial Getty on ttyS0.
         Starting Set console scheme...
[[0;32m  OK  [0m] Started Set console scheme.
[[0;32m  OK  [0m] Created slice system-getty.slice.
[[0;32m  OK  [0m] Started Getty on tty1.
[[0;32m  OK  [0m] Reached target Login Prompts.
[[0;32m  OK  [0m] Started LSB: automatic crash report generation.
[[0;32m  OK  [0m] Started Authorization Manager.
[[0;32m  OK  [0m] Started Accounts Service.
[[0;32m  OK  [0m] Started LSB: Record successful boot for GRUB.
[[0;32m  OK  [0m] Started Virtualbox guest utils.
[[0;32m  OK  [0m] Started LXD - container startup/shutdown.
[[0;32m  OK  [0m] Started Snap Daemon.
         Starting Wait until snapd is fully seeded...

Ubuntu 18.04.5 LTS ubuntu-bionic ttyS0

ubuntu-bionic login: [   52.253734] cloud-init[1656]: Cloud-init v. 20.3-2-g371b392c-0ubuntu1~18.04.1 running 'modules:config' at Fri, 01 Jan 2021 10:06:46 +0000. Up 49.52 seconds.
ci-info: no authorized SSH keys fingerprints found for user ubuntu.
<14>Jan  1 10:06:49 ec2: 
<14>Jan  1 10:06:49 ec2: #############################################################
<14>Jan  1 10:06:49 ec2: -----BEGIN SSH HOST KEY FINGERPRINTS-----
<14>Jan  1 10:06:49 ec2: 1024 SHA256:/Z8X6YzZZS+QnNbUFW/T0gKWg0vBS7AwvLH39KK5E3w root@ubuntu-bionic (DSA)
<14>Jan  1 10:06:49 ec2: 256 SHA256:yvVSDCpW5CPMlPUJ4Y6ecxgFmUGwOInG1ym3vsOOuAY root@ubuntu-bionic (ECDSA)
<14>Jan  1 10:06:49 ec2: 256 SHA256:dHmoeArPN9/gKDjfVVx01INebxUOPkwoUS9h9rk5dv8 root@ubuntu-bionic (ED25519)
<14>Jan  1 10:06:49 ec2: 2048 SHA256:4T+aOF+Died07H//IZRqcySFsLiW9lKi5ncGS5azfu0 root@ubuntu-bionic (RSA)
<14>Jan  1 10:06:50 ec2: -----END SSH HOST KEY FINGERPRINTS-----
<14>Jan  1 10:06:50 ec2: #############################################################
-----BEGIN SSH HOST KEY KEYS-----
ecdsa-sha2-nistp256 AAAAE2VjZHNhLXNoYTItbmlzdHAyNTYAAAAIbmlzdHAyNTYAAABBBD3lbsgOod9zojnpgaHoRPSPnl8ni35tmWnB03EH2yO/cd9zaJYUnVYwjhgCqeGOvxV7kRAezhybq5ufzkItoEM= root@ubuntu-bionic
ssh-ed25519 AAAAC3NzaC1lZDI1NTE5AAAAILHvwRhjVuFpAjCFlFTtzsw8BsIZFnem/MBDN+gj+Hla root@ubuntu-bionic
ssh-rsa AAAAB3NzaC1yc2EAAAADAQABAAABAQC8pj405i62TLNPIN0S5VzJ56Qo3EaqGIW7enRKAmQYNCcj8+EHK3ZyKMqXQUN7x+TmOVnNhOsG6pGNWD+v8hBRDz6lqU4IPJoUp0SuAOnRRJY+yR8c+d7zwFd6HAL7TTmrFDhS2Hwip7NA0HBrEHtnR3YdRGIIvT1IzEresgH+YcMD2qO+q+XIOGLyAUrGAZB4h7B/Yp+UUZDReyX/Hz588j8eZYgFx8BtA43DZ82DL0D0oUtVvH9Pc96VqazDO6z3Oq8UuUd2/qLnyptJyv6kwlmnoPY12V0895yTWxbOBYiB8vEu5OBgWxUTLywj6+QyNjH8xwnVzuPqRMTD96ij root@ubuntu-bionic
-----END SSH HOST KEY KEYS-----
[   53.271990] cloud-init[1864]: Cloud-init v. 20.3-2-g371b392c-0ubuntu1~18.04.1 running 'modules:final' at Fri, 01 Jan 2021 10:06:49 +0000. Up 53.00 seconds.
[   53.274236] cloud-init[1864]: ci-info: no authorized SSH keys fingerprints found for user ubuntu.
[   53.275830] cloud-init[1864]: Cloud-init v. 20.3-2-g371b392c-0ubuntu1~18.04.1 finished at Fri, 01 Jan 2021 10:06:50 +0000. Datasource DataSourceNoCloud [seed=/dev/sdb][dsmode=net].  Up 53.25 seconds
[[0;32m  OK  [0m] Closed Load/Save RF Kill Switch Status /dev/rfkill Watch.
         Stopping Authorization Manager...
[[0;32m  OK  [0m] Stopped target Timers.
[[0;32m  OK  [0m] Stopped Daily Cleanup of Temporary Directories.
[[0;32m  OK  [0m] Stopped target Cloud-init target.
         Stopping Availability of block devices...
[[0;32m  OK  [0m] Stopped Message of the Day.
[[0;32m  OK  [0m] Stopped Discard unused blocks once a week.
         Stopping Session 112 of user vagrant.
[[0;32m  OK  [0m] Stopped Clean PHP session files every 30 mins.
[[0;32m  OK  [0m] Stopped target Graphical Interface.
[[0;32m  OK  [0m] Stopped Daily apt upgrade and clean activities.
[[0;32m  OK  [0m] Stopped target Host and Network Name Lookups.
[[0;32m  OK  [0m] Stopped Daily apt download activities.
         Stopping User Manager for UID 1000...
[[0;32m  OK  [0m] Stopped Execute cloud user/final scripts.
[[0;32m  OK  [0m] Stopped target Multi-User System.
         Stopping Deferred execution scheduler...
         Stopping Virtualbox guest utils...
         Stopping Regular background program processing daemon...
         Stopping FUSE filesystem for LXC...
         Stopping LSB: automatic crash report generation...
[[0;32m  OK  [0m] Stopped ta         Stopping Dispatcher daemon for systemd-networkd...
         Stopping The PHP 7.2 FastCGI Process Manager...
         Stopping System Logging Service...
         Stopping OpenBSD Secure Shell server...
         Stopping Unattended Upgrades Shutdown...
         Stopping D-Bus System Message Bus...
         Stopping A high performance web server and a reverse proxy server...
         Stopping LXD - container startup/shutdown...
[[0;32m  OK  [0m] Stopped Apply the settings specified in cloud-config.
[[0;32m  OK  [0m] Stopped Wait until snapd is fully seeded.
[[0;32m  OK  [0m] Stopped target Cloud-config availability.
[[0;32m  OK  [0m] Stopped target Network is Online.
         Stopping Accounts Service...
         Stopping irqbalance daemon...
         Stopping LSB: Record successful boot for GRUB...
[[0;32m  OK  [0m] Stopped target System Time Synchronized.
[[0;32m  OK  [0m] Unmounted /var/lib/lxcfs.
[[0;32m  OK  [0m] Stopped Dispatcher daemon for systemd-networkd.
[[0;32m  OK  [0m] Stopped System Logging Service.
[[0;32m  OK  [0m] Stopped Accounts Service.
[[0;32m  OK  [0m] Stopped irqbalance daemon.
[[0;32m  OK  [0m] Stopped Deferred execution scheduler.
[[0;32m  OK  [0m] Stopped Regular background program processing daemon.
[[0;32m  OK  [0m] Stopped Authorization Manager.
[[0;32m  OK  [0m] Stopped Unattended Upgrades Shutdown.
[[0;32m  OK  [0m] Stopped Serial Getty on ttyS0.
[[0;32m  OK  [0m] Stopped Getty on tty1.
[[0;32m  OK  [0m] Stopped OpenBSD Secure Shell server.
[[0;32m  OK  [0m] Stopped The PHP 7.2 FastCGI Process Manager.
[[0;32m  OK  [0m] Stopped User Manager for UID 1000.
[[0;32m  OK  [0m] Stopped D-Bus System Message Bus.
[[0;32m  OK  [0m] Stopped A high performance web server and a reverse proxy server.
[[0;32m  OK  [0m] Stopped Session 112 of user vagrant.
[[0;32m  OK  [0m] Removed slice User Slice of vagrant.
[[0;32m  OK  [0m] Removed slice system-getty.slice.
         Stopping Permit User Sessions...
[[0;32m  OK  [0m] Removed slice system-serial\x2dgetty.slice.
         Stopping Login Service...
[[0;32m  OK  [0m] Stopped LSB: Record successful boot for GRUB.
[[0;32m  OK  [0m] Stopped Permit User Sessions.
[[0;32m  OK  [0m] Stopped target Network.
         Stopping Network Name Resolution...
[[0;32m  OK  [0m] Stopped Virtualbox guest utils.
[[0;32m  OK  [0m] Stopped Network Name Resolution.
         Stopping Network Service...
[[0;32m  OK  [0m] Stopped LXD - container startup/shutdown.
[[0;32m  OK  [0m] Stopped Login Service.
[[0;32m  OK  [0m] Stopped Network Service.
[[0;32m  OK  [0m] Stopped target Network (Pre).
[[0;32m  OK  [0m] Stopped target User and Group Name Lookups.
[[0;32m  OK  [0m] Stopped FUSE filesystem for LXC.
[[0;32m  OK  [0m] Stopped LSB: automatic crash report generation.
[[0;32m  OK  [0m] Stopped target Remote File Systems.
[[0;32m  OK  [0m] Stopped target Remote File Systems (Pre).
[[0;32m  OK  [0m] Stopped target Basic System.
[[0;32m  OK  [0m] Stopped target Sockets.
[[0;32m  OK  [0m] Closed ACPID Listen Socket.
[[0;32m  OK  [0m] Closed Open-iSCSI iscsid Socket.
[[0;32m  OK  [0m] Closed Syslog Socket.
[[0;32m  OK  [0m] Closed UUID daemon activation socket.
[[0;32m  OK  [0m] Closed D-Bus System Message Bus Socket.
[[0;32m  OK  [0m] Closed LXD - unix socket.
[[0;32m  OK  [0m] Closed Socket activation for snappy daemon.
[[0;32m  OK  [0m] Stopped target Slices.
[[0;32m  OK  [0m] Removed slice User and Session Slice.
[[0;32m  OK  [0m] Stopped target Paths.
[[0;32m  OK  [0m] Stopped ACPI Events Check.
[[0;32m  OK  [0m] Stopped target System Initialization.
         Stopping Load/Save Random Seed...
[[0;32m  OK  [0m] Stopped Commit a transient machine-id on disk.
         Stopping Update UTMP about System Boot/Shutdown...
[[0;32m  OK  [0m] Stopped target Local Encrypted Volumes.
[[0;32m  OK  [0m] Stopped Initial cloud-init job (metadata service crawler).
[[0;32m  OK  [0m] Stopped Initial cloud-init job (pre-networking).
[[0;32m  OK  [0m] Stopped Apply Kernel Variables.
[[0;32m  OK  [0m] Stopped Load Kernel Modules.
[[0;32m  OK  [0m] Stopped Dispatch Password Requests to Console Directory Watch.
[[0;32m  OK  [0m] Stopped Forward Password Requests to Wall Directory Watch.
[[0;32m  OK  [0m] Stopped Availability of block devices.
[[0;32m  OK  [0m] Stopped Load/Save Random Seed.
[[0;32m  OK  [0m] Stopped Update UTMP about System Boot/Shutdown.
[[0;32m  OK  [0m] Stopped Create Volatile Files and Directories.
[[0;32m  OK  [0m] Stopped target Local File Systems.
         Unmounting /vagrant...
         Unmounting /run/user/1000...
[[0;32m  OK  [0m] Unmounted /run/user/1000.
[[0;32m  OK  [0m] Stopped target Swap.
[[0;32m  OK  [0m] Unmounted /vagrant.
[[0;32m  OK  [0m] Reached target Unmount All Filesystems.
[[0;32m  OK  [0m] Stopped target Local File Systems (Pre).
         Stopping Monitoring of LVM2 mirrors…ng dmeventd or progress polling...
[[0;32m  OK  [0m] Stopped Create Static Device Nodes in /dev.
[[0;32m  OK  [0m] Stopped Remount Root and Kernel File Systems.
[[0;32m  OK  [0m] Reached target Shutdown.
[[0;32m  OK  [0m] Reached target Final Step.
         Starting Power-Off...
[119519.934966] reboot: Power down
